2020-03-22 12:55:00,522 - uvicorn.error - INFO - Shutting down
2020-03-22 12:55:00,626 - uvicorn.error - INFO - Waiting for application shutdown.
2020-03-22 12:55:00,628 - uvicorn.error - INFO - Application shutdown complete.
2020-03-22 12:55:00,629 - uvicorn.error - INFO - Finished server process [93821]
2020-03-22 12:55:03,846 - uvicorn.error - INFO - Application startup complete.
2020-03-22 12:55:55,151 - uvicorn.error - INFO - Shutting down
2020-03-22 12:55:55,252 - uvicorn.error - INFO - Waiting for application shutdown.
2020-03-22 12:55:55,252 - uvicorn.error - INFO - Application shutdown complete.
2020-03-22 12:55:55,253 - uvicorn.error - INFO - Finished server process [94900]
2020-03-22 12:56:00,429 - uvicorn.error - INFO - Application startup complete.
2020-03-22 12:57:46,340 - uvicorn.error - INFO - Shutting down
2020-03-22 12:57:46,445 - uvicorn.error - INFO - Waiting for application shutdown.
2020-03-22 12:57:46,445 - uvicorn.error - INFO - Application shutdown complete.
2020-03-22 12:57:46,446 - uvicorn.error - INFO - Finished server process [94917]
2020-03-22 12:57:50,909 - uvicorn.error - INFO - Application startup complete.
2020-03-22 12:58:18,090 - uvicorn.error - INFO - Shutting down
2020-03-22 12:58:18,194 - uvicorn.error - INFO - Waiting for application shutdown.
2020-03-22 12:58:18,195 - uvicorn.error - INFO - Application shutdown complete.
2020-03-22 12:58:18,195 - uvicorn.error - INFO - Finished server process [94957]
2020-03-22 12:58:19,586 - uvicorn.error - INFO - Application startup complete.
2020-03-22 12:58:34,678 - uvicorn.error - INFO - Shutting down
2020-03-22 12:58:34,781 - uvicorn.error - INFO - Waiting for application shutdown.
2020-03-22 12:58:34,782 - uvicorn.error - INFO - Application shutdown complete.
2020-03-22 12:58:34,783 - uvicorn.error - INFO - Finished server process [94973]
2020-03-22 12:58:37,428 - uvicorn.error - INFO - Application startup complete.
2020-03-22 12:58:39,287 - uvicorn.error - INFO - Shutting down
2020-03-22 12:58:39,388 - uvicorn.error - INFO - Waiting for application shutdown.
2020-03-22 12:58:39,389 - uvicorn.error - INFO - Application shutdown complete.
2020-03-22 12:58:39,389 - uvicorn.error - INFO - Finished server process [94988]
2020-03-22 12:58:40,504 - uvicorn.error - INFO - Application startup complete.
2020-03-22 13:05:54,905 - uvicorn.error - INFO - Shutting down
2020-03-22 13:05:55,009 - uvicorn.error - INFO - Waiting for application shutdown.
2020-03-22 13:05:55,011 - uvicorn.error - INFO - Application shutdown complete.
2020-03-22 13:05:55,011 - uvicorn.error - INFO - Finished server process [94995]
2020-03-22 13:05:57,784 - uvicorn.error - INFO - Application startup complete.
2020-03-22 13:06:00,668 - uvicorn.error - INFO - Shutting down
2020-03-22 13:06:00,771 - uvicorn.error - INFO - Waiting for application shutdown.
2020-03-22 13:06:00,774 - uvicorn.error - INFO - Application shutdown complete.
2020-03-22 13:06:00,775 - uvicorn.error - INFO - Finished server process [95096]
2020-03-22 13:06:03,177 - uvicorn.error - INFO - Application startup complete.
2020-03-22 14:05:43,005 - uvicorn.error - INFO - Application startup complete.
2020-03-22 14:05:54,911 - uvicorn.error - INFO - Shutting down
2020-03-22 14:05:55,012 - uvicorn.error - INFO - Waiting for connections to close. (CTRL+C to force quit)
2020-03-22 14:06:04,570 - uvicorn.error - INFO - Finished server process [96417]
2020-03-22 14:06:28,117 - uvicorn.error - INFO - Application startup complete.
2020-03-22 14:07:12,735 - uvicorn.error - INFO - Shutting down
2020-03-22 14:07:12,836 - uvicorn.error - INFO - Waiting for application shutdown.
2020-03-22 14:07:12,837 - uvicorn.error - INFO - Application shutdown complete.
2020-03-22 14:07:12,837 - uvicorn.error - INFO - Finished server process [96442]
2020-03-22 14:25:36,889 - uvicorn.error - INFO - Application startup complete.
2020-03-22 14:25:41,191 - uvicorn.error - INFO - Shutting down
2020-03-22 14:25:41,295 - uvicorn.error - INFO - Waiting for application shutdown.
2020-03-22 14:25:41,296 - uvicorn.error - INFO - Application shutdown complete.
2020-03-22 14:25:41,298 - uvicorn.error - INFO - Finished server process [1883]
2020-03-22 14:27:00,752 - uvicorn.error - INFO - Application startup complete.
2020-03-22 14:27:06,519 - uvicorn.error - INFO - Shutting down
2020-03-22 14:27:06,621 - uvicorn.error - INFO - Waiting for application shutdown.
2020-03-22 14:27:06,623 - uvicorn.error - INFO - Application shutdown complete.
2020-03-22 14:27:06,623 - uvicorn.error - INFO - Finished server process [1989]
2020-03-22 14:28:51,953 - uvicorn.error - INFO - Application startup complete.
2020-03-22 14:28:57,691 - uvicorn.error - INFO - Shutting down
2020-03-22 14:28:57,795 - uvicorn.error - INFO - Waiting for application shutdown.
2020-03-22 14:28:57,795 - uvicorn.error - INFO - Application shutdown complete.
2020-03-22 14:28:57,796 - uvicorn.error - INFO - Finished server process [2051]
